The system is: Linux - 4.15.0-29-generic - x86_64
Compiling the C compiler identification source file "CMakeCCompilerId.c" succeeded.
Compiler: /usr/bin/cc 
Build flags: 
Id flags: 

The output was:
0


Compilation of the C compiler identification source "CMakeCCompilerId.c" produced "a.out"

The C compiler identification is GNU, found in "/home/bartosz/cpp_personal/snek_cpp/linuxBuilds/CMakeFiles/3.5.1/CompilerIdC/a.out"

Compiling the CXX compiler identification source file "CMakeCXXCompilerId.cpp" succeeded.
Compiler: /usr/bin/c++ 
Build flags: 
Id flags: 

The output was:
0


Compilation of the CXX compiler identification source "CMakeCXXCompilerId.cpp" produced "a.out"

The CXX compiler identification is GNU, found in "/home/bartosz/cpp_personal/snek_cpp/linuxBuilds/CMakeFiles/3.5.1/CompilerIdCXX/a.out"

Determining if the C compiler works passed with the following output:
Change Dir: /home/bartosz/cpp_personal/snek_cpp/linuxBuilds/CMakeFiles/CMakeTmp

Run Build Command:"/usr/bin/make" "cmTC_77399/fast"
/usr/bin/make -f CMakeFiles/cmTC_77399.dir/build.make CMakeFiles/cmTC_77399.dir/build
make[1]: Entering directory '/home/bartosz/cpp_personal/snek_cpp/linuxBuilds/CMakeFiles/CMakeTmp'
Building C object CMakeFiles/cmTC_77399.dir/testCCompiler.c.o
/usr/bin/cc     -o CMakeFiles/cmTC_77399.dir/testCCompiler.c.o   -c /home/bartosz/cpp_personal/snek_cpp/linuxBuilds/CMakeFiles/CMakeTmp/testCCompiler.c
Linking C executable cmTC_77399
/usr/bin/cmake -E cmake_link_script CMakeFiles/cmTC_77399.dir/link.txt --verbose=1
/usr/bin/cc       CMakeFiles/cmTC_77399.dir/testCCompiler.c.o  -o cmTC_77399 -rdynamic 
make[1]: Leaving directory '/home/bartosz/cpp_personal/snek_cpp/linuxBuilds/CMakeFiles/CMakeTmp'


Detecting C compiler ABI info compiled with the following output:
Change Dir: /home/bartosz/cpp_personal/snek_cpp/linuxBuilds/CMakeFiles/CMakeTmp

Run Build Command:"/usr/bin/make" "cmTC_c8a24/fast"
/usr/bin/make -f CMakeFiles/cmTC_c8a24.dir/build.make CMakeFiles/cmTC_c8a24.dir/build
make[1]: Entering directory '/home/bartosz/cpp_personal/snek_cpp/linuxBuilds/CMakeFiles/CMakeTmp'
Building C object CMakeFiles/cmTC_c8a24.dir/CMakeCCompilerABI.c.o
/usr/bin/cc     -o CMakeFiles/cmTC_c8a24.dir/CMakeCCompilerABI.c.o   -c /usr/share/cmake-3.5/Modules/CMakeCCompilerABI.c
Linking C executable cmTC_c8a24
/usr/bin/cmake -E cmake_link_script CMakeFiles/cmTC_c8a24.dir/link.txt --verbose=1
/usr/bin/cc      -v CMakeFiles/cmTC_c8a24.dir/CMakeCCompilerABI.c.o  -o cmTC_c8a24 -rdynamic  
Using built-in specs.
COLLECT_GCC=/usr/bin/cc
COLLECT_LTO_WRAPPER=/usr/lib/gcc/x86_64-linux-gnu/5/lto-wrapper
Target: x86_64-linux-gnu
Configured with: ../src/configure -v --with-pkgversion='Ubuntu 5.4.0-6ubuntu1~16.04.10' --with-bugurl=file:///usr/share/doc/gcc-5/README.Bugs --enable-languages=c,ada,c++,java,go,d,fortran,objc,obj-c++ --prefix=/usr --program-suffix=-5 --enable-shared --enable-linker-build-id --libexecdir=/usr/lib --without-included-gettext --enable-threads=posix --libdir=/usr/lib --enable-nls --with-sysroot=/ --enable-clocale=gnu --enable-libstdcxx-debug --enable-libstdcxx-time=yes --with-default-libstdcxx-abi=new --enable-gnu-unique-object --disable-vtable-verify --enable-libmpx --enable-plugin --with-system-zlib --disable-browser-plugin --enable-java-awt=gtk --enable-gtk-cairo --with-java-home=/usr/lib/jvm/java-1.5.0-gcj-5-amd64/jre --enable-java-home --with-jvm-root-dir=/usr/lib/jvm/java-1.5.0-gcj-5-amd64 --with-jvm-jar-dir=/usr/lib/jvm-exports/java-1.5.0-gcj-5-amd64 --with-arch-directory=amd64 --with-ecj-jar=/usr/share/java/eclipse-ecj.jar --enable-objc-gc --enable-multiarch --disable-werror --with-arch-32=i686 --with-abi=m64 --with-multilib-list=m32,m64,mx32 --enable-multilib --with-tune=generic --enable-checking=release --build=x86_64-linux-gnu --host=x86_64-linux-gnu --target=x86_64-linux-gnu
Thread model: posix
gcc version 5.4.0 20160609 (Ubuntu 5.4.0-6ubuntu1~16.04.10) 
COMPILER_PATH=/usr/lib/gcc/x86_64-linux-gnu/5/:/usr/lib/gcc/x86_64-linux-gnu/5/:/usr/lib/gcc/x86_64-linux-gnu/:/usr/lib/gcc/x86_64-linux-gnu/5/:/usr/lib/gcc/x86_64-linux-gnu/
LIBRARY_PATH=/usr/lib/gcc/x86_64-linux-gnu/5/:/usr/lib/gcc/x86_64-linux-gnu/5/../../../x86_64-linux-gnu/:/usr/lib/gcc/x86_64-linux-gnu/5/../../../../lib/:/lib/x86_64-linux-gnu/:/lib/../lib/:/usr/lib/x86_64-linux-gnu/:/usr/lib/../lib/:/usr/lib/gcc/x86_64-linux-gnu/5/../../../:/lib/:/usr/lib/
COLLECT_GCC_OPTIONS='-v' '-o' 'cmTC_c8a24' '-rdynamic' '-mtune=generic' '-march=x86-64'
 /usr/lib/gcc/x86_64-linux-gnu/5/collect2 -plugin /usr/lib/gcc/x86_64-linux-gnu/5/liblto_plugin.so -plugin-opt=/usr/lib/gcc/x86_64-linux-gnu/5/lto-wrapper -plugin-opt=-fresolution=/tmp/ccUVlUVr.res -plugin-opt=-pass-through=-lgcc -plugin-opt=-pass-through=-lgcc_s -plugin-opt=-pass-through=-lc -plugin-opt=-pass-through=-lgcc -plugin-opt=-pass-through=-lgcc_s --sysroot=/ --build-id --eh-frame-hdr -m elf_x86_64 --hash-style=gnu --as-needed -export-dynamic -dynamic-linker /lib64/ld-linux-x86-64.so.2 -z relro -o cmTC_c8a24 /usr/lib/gcc/x86_64-linux-gnu/5/../../../x86_64-linux-gnu/crt1.o /usr/lib/gcc/x86_64-linux-gnu/5/../../../x86_64-linux-gnu/crti.o /usr/lib/gcc/x86_64-linux-gnu/5/crtbegin.o -L/usr/lib/gcc/x86_64-linux-gnu/5 -L/usr/lib/gcc/x86_64-linux-gnu/5/../../../x86_64-linux-gnu -L/usr/lib/gcc/x86_64-linux-gnu/5/../../../../lib -L/lib/x86_64-linux-gnu -L/lib/../lib -L/usr/lib/x86_64-linux-gnu -L/usr/lib/../lib -L/usr/lib/gcc/x86_64-linux-gnu/5/../../.. CMakeFiles/cmTC_c8a24.dir/CMakeCCompilerABI.c.o -lgcc --as-needed -lgcc_s --no-as-needed -lc -lgcc --as-needed -lgcc_s --no-as-needed /usr/lib/gcc/x86_64-linux-gnu/5/crtend.o /usr/lib/gcc/x86_64-linux-gnu/5/../../../x86_64-linux-gnu/crtn.o
make[1]: Leaving directory '/home/bartosz/cpp_personal/snek_cpp/linuxBuilds/CMakeFiles/CMakeTmp'


Parsed C implicit link information from above output:
  link line regex: [^( *|.*[/\])(ld|([^/\]+-)?ld|collect2)[^/\]*( |$)]
  ignore line: [Change Dir: /home/bartosz/cpp_personal/snek_cpp/linuxBuilds/CMakeFiles/CMakeTmp]
  ignore line: []
  ignore line: [Run Build Command:"/usr/bin/make" "cmTC_c8a24/fast"]
  ignore line: [/usr/bin/make -f CMakeFiles/cmTC_c8a24.dir/build.make CMakeFiles/cmTC_c8a24.dir/build]
  ignore line: [make[1]: Entering directory '/home/bartosz/cpp_personal/snek_cpp/linuxBuilds/CMakeFiles/CMakeTmp']
  ignore line: [Building C object CMakeFiles/cmTC_c8a24.dir/CMakeCCompilerABI.c.o]
  ignore line: [/usr/bin/cc     -o CMakeFiles/cmTC_c8a24.dir/CMakeCCompilerABI.c.o   -c /usr/share/cmake-3.5/Modules/CMakeCCompilerABI.c]
  ignore line: [Linking C executable cmTC_c8a24]
  ignore line: [/usr/bin/cmake -E cmake_link_script CMakeFiles/cmTC_c8a24.dir/link.txt --verbose=1]
  ignore line: [/usr/bin/cc      -v CMakeFiles/cmTC_c8a24.dir/CMakeCCompilerABI.c.o  -o cmTC_c8a24 -rdynamic  ]
  ignore line: [Using built-in specs.]
  ignore line: [COLLECT_GCC=/usr/bin/cc]
  ignore line: [COLLECT_LTO_WRAPPER=/usr/lib/gcc/x86_64-linux-gnu/5/lto-wrapper]
  ignore line: [Target: x86_64-linux-gnu]
  ignore line: [Configured with: ../src/configure -v --with-pkgversion='Ubuntu 5.4.0-6ubuntu1~16.04.10' --with-bugurl=file:///usr/share/doc/gcc-5/README.Bugs --enable-languages=c,ada,c++,java,go,d,fortran,objc,obj-c++ --prefix=/usr --program-suffix=-5 --enable-shared --enable-linker-build-id --libexecdir=/usr/lib --without-included-gettext --enable-threads=posix --libdir=/usr/lib --enable-nls --with-sysroot=/ --enable-clocale=gnu --enable-libstdcxx-debug --enable-libstdcxx-time=yes --with-default-libstdcxx-abi=new --enable-gnu-unique-object --disable-vtable-verify --enable-libmpx --enable-plugin --with-system-zlib --disable-browser-plugin --enable-java-awt=gtk --enable-gtk-cairo --with-java-home=/usr/lib/jvm/java-1.5.0-gcj-5-amd64/jre --enable-java-home --with-jvm-root-dir=/usr/lib/jvm/java-1.5.0-gcj-5-amd64 --with-jvm-jar-dir=/usr/lib/jvm-exports/java-1.5.0-gcj-5-amd64 --with-arch-directory=amd64 --with-ecj-jar=/usr/share/java/eclipse-ecj.jar --enable-objc-gc --enable-multiarch --disable-werror --with-arch-32=i686 --with-abi=m64 --with-multilib-list=m32,m64,mx32 --enable-multilib --with-tune=generic --enable-checking=release --build=x86_64-linux-gnu --host=x86_64-linux-gnu --target=x86_64-linux-gnu]
  ignore line: [Thread model: posix]
  ignore line: [gcc version 5.4.0 20160609 (Ubuntu 5.4.0-6ubuntu1~16.04.10) ]
  ignore line: [COMPILER_PATH=/usr/lib/gcc/x86_64-linux-gnu/5/:/usr/lib/gcc/x86_64-linux-gnu/5/:/usr/lib/gcc/x86_64-linux-gnu/:/usr/lib/gcc/x86_64-linux-gnu/5/:/usr/lib/gcc/x86_64-linux-gnu/]
  ignore line: [LIBRARY_PATH=/usr/lib/gcc/x86_64-linux-gnu/5/:/usr/lib/gcc/x86_64-linux-gnu/5/../../../x86_64-linux-gnu/:/usr/lib/gcc/x86_64-linux-gnu/5/../../../../lib/:/lib/x86_64-linux-gnu/:/lib/../lib/:/usr/lib/x86_64-linux-gnu/:/usr/lib/../lib/:/usr/lib/gcc/x86_64-linux-gnu/5/../../../:/lib/:/usr/lib/]
  ignore line: [COLLECT_GCC_OPTIONS='-v' '-o' 'cmTC_c8a24' '-rdynamic' '-mtune=generic' '-march=x86-64']
  link line: [ /usr/lib/gcc/x86_64-linux-gnu/5/collect2 -plugin /usr/lib/gcc/x86_64-linux-gnu/5/liblto_plugin.so -plugin-opt=/usr/lib/gcc/x86_64-linux-gnu/5/lto-wrapper -plugin-opt=-fresolution=/tmp/ccUVlUVr.res -plugin-opt=-pass-through=-lgcc -plugin-opt=-pass-through=-lgcc_s -plugin-opt=-pass-through=-lc -plugin-opt=-pass-through=-lgcc -plugin-opt=-pass-through=-lgcc_s --sysroot=/ --build-id --eh-frame-hdr -m elf_x86_64 --hash-style=gnu --as-needed -export-dynamic -dynamic-linker /lib64/ld-linux-x86-64.so.2 -z relro -o cmTC_c8a24 /usr/lib/gcc/x86_64-linux-gnu/5/../../../x86_64-linux-gnu/crt1.o /usr/lib/gcc/x86_64-linux-gnu/5/../../../x86_64-linux-gnu/crti.o /usr/lib/gcc/x86_64-linux-gnu/5/crtbegin.o -L/usr/lib/gcc/x86_64-linux-gnu/5 -L/usr/lib/gcc/x86_64-linux-gnu/5/../../../x86_64-linux-gnu -L/usr/lib/gcc/x86_64-linux-gnu/5/../../../../lib -L/lib/x86_64-linux-gnu -L/lib/../lib -L/usr/lib/x86_64-linux-gnu -L/usr/lib/../lib -L/usr/lib/gcc/x86_64-linux-gnu/5/../../.. CMakeFiles/cmTC_c8a24.dir/CMakeCCompilerABI.c.o -lgcc --as-needed -lgcc_s --no-as-needed -lc -lgcc --as-needed -lgcc_s --no-as-needed /usr/lib/gcc/x86_64-linux-gnu/5/crtend.o /usr/lib/gcc/x86_64-linux-gnu/5/../../../x86_64-linux-gnu/crtn.o]
    arg [/usr/lib/gcc/x86_64-linux-gnu/5/collect2] ==> ignore
    arg [-plugin] ==> ignore
    arg [/usr/lib/gcc/x86_64-linux-gnu/5/liblto_plugin.so] ==> ignore
    arg [-plugin-opt=/usr/lib/gcc/x86_64-linux-gnu/5/lto-wrapper] ==> ignore
    arg [-plugin-opt=-fresolution=/tmp/ccUVlUVr.res] ==> ignore
    arg [-plugin-opt=-pass-through=-lgcc] ==> ignore
    arg [-plugin-opt=-pass-through=-lgcc_s] ==> ignore
    arg [-plugin-opt=-pass-through=-lc] ==> ignore
    arg [-plugin-opt=-pass-through=-lgcc] ==> ignore
    arg [-plugin-opt=-pass-through=-lgcc_s] ==> ignore
    arg [--sysroot=/] ==> ignore
    arg [--build-id] ==> ignore
    arg [--eh-frame-hdr] ==> ignore
    arg [-m] ==> ignore
    arg [elf_x86_64] ==> ignore
    arg [--hash-style=gnu] ==> ignore
    arg [--as-needed] ==> ignore
    arg [-export-dynamic] ==> ignore
    arg [-dynamic-linker] ==> ignore
    arg [/lib64/ld-linux-x86-64.so.2] ==> ignore
    arg [-zrelro] ==> ignore
    arg [-o] ==> ignore
    arg [cmTC_c8a24] ==> ignore
    arg [/usr/lib/gcc/x86_64-linux-gnu/5/../../../x86_64-linux-gnu/crt1.o] ==> ignore
    arg [/usr/lib/gcc/x86_64-linux-gnu/5/../../../x86_64-linux-gnu/crti.o] ==> ignore
    arg [/usr/lib/gcc/x86_64-linux-gnu/5/crtbegin.o] ==> ignore
    arg [-L/usr/lib/gcc/x86_64-linux-gnu/5] ==> dir [/usr/lib/gcc/x86_64-linux-gnu/5]
    arg [-L/usr/lib/gcc/x86_64-linux-gnu/5/../../../x86_64-linux-gnu] ==> dir [/usr/lib/gcc/x86_64-linux-gnu/5/../../../x86_64-linux-gnu]
    arg [-L/usr/lib/gcc/x86_64-linux-gnu/5/../../../../lib] ==> dir [/usr/lib/gcc/x86_64-linux-gnu/5/../../../../lib]
    arg [-L/lib/x86_64-linux-gnu] ==> dir [/lib/x86_64-linux-gnu]
    arg [-L/lib/../lib] ==> dir [/lib/../lib]
    arg [-L/usr/lib/x86_64-linux-gnu] ==> dir [/usr/lib/x86_64-linux-gnu]
    arg [-L/usr/lib/../lib] ==> dir [/usr/lib/../lib]
    arg [-L/usr/lib/gcc/x86_64-linux-gnu/5/../../..] ==> dir [/usr/lib/gcc/x86_64-linux-gnu/5/../../..]
    arg [CMakeFiles/cmTC_c8a24.dir/CMakeCCompilerABI.c.o] ==> ignore
    arg [-lgcc] ==> lib [gcc]
    arg [--as-needed] ==> ignore
    arg [-lgcc_s] ==> lib [gcc_s]
    arg [--no-as-needed] ==> ignore
    arg [-lc] ==> lib [c]
    arg [-lgcc] ==> lib [gcc]
    arg [--as-needed] ==> ignore
    arg [-lgcc_s] ==> lib [gcc_s]
    arg [--no-as-needed] ==> ignore
    arg [/usr/lib/gcc/x86_64-linux-gnu/5/crtend.o] ==> ignore
    arg [/usr/lib/gcc/x86_64-linux-gnu/5/../../../x86_64-linux-gnu/crtn.o] ==> ignore
  remove lib [gcc]
  remove lib [gcc_s]
  remove lib [gcc]
  remove lib [gcc_s]
  collapse library dir [/usr/lib/gcc/x86_64-linux-gnu/5] ==> [/usr/lib/gcc/x86_64-linux-gnu/5]
  collapse library dir [/usr/lib/gcc/x86_64-linux-gnu/5/../../../x86_64-linux-gnu] ==> [/usr/lib/x86_64-linux-gnu]
  collapse library dir [/usr/lib/gcc/x86_64-linux-gnu/5/../../../../lib] ==> [/usr/lib]
  collapse library dir [/lib/x86_64-linux-gnu] ==> [/lib/x86_64-linux-gnu]
  collapse library dir [/lib/../lib] ==> [/lib]
  collapse library dir [/usr/lib/x86_64-linux-gnu] ==> [/usr/lib/x86_64-linux-gnu]
  collapse library dir [/usr/lib/../lib] ==> [/usr/lib]
  collapse library dir [/usr/lib/gcc/x86_64-linux-gnu/5/../../..] ==> [/usr/lib]
  implicit libs: [c]
  implicit dirs: [/usr/lib/gcc/x86_64-linux-gnu/5;/usr/lib/x86_64-linux-gnu;/usr/lib;/lib/x86_64-linux-gnu;/lib]
  implicit fwks: []




Detecting C [-std=c11] compiler features compiled with the following output:
Change Dir: /home/bartosz/cpp_personal/snek_cpp/linuxBuilds/CMakeFiles/CMakeTmp

Run Build Command:"/usr/bin/make" "cmTC_9a07f/fast"
/usr/bin/make -f CMakeFiles/cmTC_9a07f.dir/build.make CMakeFiles/cmTC_9a07f.dir/build
make[1]: Entering directory '/home/bartosz/cpp_personal/snek_cpp/linuxBuilds/CMakeFiles/CMakeTmp'
Building C object CMakeFiles/cmTC_9a07f.dir/feature_tests.c.o
/usr/bin/cc    -std=c11 -o CMakeFiles/cmTC_9a07f.dir/feature_tests.c.o   -c /home/bartosz/cpp_personal/snek_cpp/linuxBuilds/CMakeFiles/feature_tests.c
Linking C executable cmTC_9a07f
/usr/bin/cmake -E cmake_link_script CMakeFiles/cmTC_9a07f.dir/link.txt --verbose=1
/usr/bin/cc       CMakeFiles/cmTC_9a07f.dir/feature_tests.c.o  -o cmTC_9a07f -rdynamic 
make[1]: Leaving directory '/home/bartosz/cpp_personal/snek_cpp/linuxBuilds/CMakeFiles/CMakeTmp'


    Feature record: C_FEATURE:1c_function_prototypes
    Feature record: C_FEATURE:1c_restrict
    Feature record: C_FEATURE:1c_static_assert
    Feature record: C_FEATURE:1c_variadic_macros


Detecting C [-std=c99] compiler features compiled with the following output:
Change Dir: /home/bartosz/cpp_personal/snek_cpp/linuxBuilds/CMakeFiles/CMakeTmp

Run Build Command:"/usr/bin/make" "cmTC_13a33/fast"
/usr/bin/make -f CMakeFiles/cmTC_13a33.dir/build.make CMakeFiles/cmTC_13a33.dir/build
make[1]: Entering directory '/home/bartosz/cpp_personal/snek_cpp/linuxBuilds/CMakeFiles/CMakeTmp'
Building C object CMakeFiles/cmTC_13a33.dir/feature_tests.c.o
/usr/bin/cc    -std=c99 -o CMakeFiles/cmTC_13a33.dir/feature_tests.c.o   -c /home/bartosz/cpp_personal/snek_cpp/linuxBuilds/CMakeFiles/feature_tests.c
Linking C executable cmTC_13a33
/usr/bin/cmake -E cmake_link_script CMakeFiles/cmTC_13a33.dir/link.txt --verbose=1
/usr/bin/cc       CMakeFiles/cmTC_13a33.dir/feature_tests.c.o  -o cmTC_13a33 -rdynamic 
make[1]: Leaving directory '/home/bartosz/cpp_personal/snek_cpp/linuxBuilds/CMakeFiles/CMakeTmp'


    Feature record: C_FEATURE:1c_function_prototypes
    Feature record: C_FEATURE:1c_restrict
    Feature record: C_FEATURE:0c_static_assert
    Feature record: C_FEATURE:1c_variadic_macros


Detecting C [-std=c90] compiler features compiled with the following output:
Change Dir: /home/bartosz/cpp_personal/snek_cpp/linuxBuilds/CMakeFiles/CMakeTmp

Run Build Command:"/usr/bin/make" "cmTC_54420/fast"
/usr/bin/make -f CMakeFiles/cmTC_54420.dir/build.make CMakeFiles/cmTC_54420.dir/build
make[1]: Entering directory '/home/bartosz/cpp_personal/snek_cpp/linuxBuilds/CMakeFiles/CMakeTmp'
Building C object CMakeFiles/cmTC_54420.dir/feature_tests.c.o
/usr/bin/cc    -std=c90 -o CMakeFiles/cmTC_54420.dir/feature_tests.c.o   -c /home/bartosz/cpp_personal/snek_cpp/linuxBuilds/CMakeFiles/feature_tests.c
Linking C executable cmTC_54420
/usr/bin/cmake -E cmake_link_script CMakeFiles/cmTC_54420.dir/link.txt --verbose=1
/usr/bin/cc       CMakeFiles/cmTC_54420.dir/feature_tests.c.o  -o cmTC_54420 -rdynamic 
make[1]: Leaving directory '/home/bartosz/cpp_personal/snek_cpp/linuxBuilds/CMakeFiles/CMakeTmp'


    Feature record: C_FEATURE:1c_function_prototypes
    Feature record: C_FEATURE:0c_restrict
    Feature record: C_FEATURE:0c_static_assert
    Feature record: C_FEATURE:0c_variadic_macros
Determining if the CXX compiler works passed with the following output:
Change Dir: /home/bartosz/cpp_personal/snek_cpp/linuxBuilds/CMakeFiles/CMakeTmp

Run Build Command:"/usr/bin/make" "cmTC_4a508/fast"
/usr/bin/make -f CMakeFiles/cmTC_4a508.dir/build.make CMakeFiles/cmTC_4a508.dir/build
make[1]: Entering directory '/home/bartosz/cpp_personal/snek_cpp/linuxBuilds/CMakeFiles/CMakeTmp'
Building CXX object CMakeFiles/cmTC_4a508.dir/testCXXCompiler.cxx.o
/usr/bin/c++      -o CMakeFiles/cmTC_4a508.dir/testCXXCompiler.cxx.o -c /home/bartosz/cpp_personal/snek_cpp/linuxBuilds/CMakeFiles/CMakeTmp/testCXXCompiler.cxx
Linking CXX executable cmTC_4a508
/usr/bin/cmake -E cmake_link_script CMakeFiles/cmTC_4a508.dir/link.txt --verbose=1
/usr/bin/c++        CMakeFiles/cmTC_4a508.dir/testCXXCompiler.cxx.o  -o cmTC_4a508 -rdynamic 
make[1]: Leaving directory '/home/bartosz/cpp_personal/snek_cpp/linuxBuilds/CMakeFiles/CMakeTmp'


Detecting CXX compiler ABI info compiled with the following output:
Change Dir: /home/bartosz/cpp_personal/snek_cpp/linuxBuilds/CMakeFiles/CMakeTmp

Run Build Command:"/usr/bin/make" "cmTC_f6184/fast"
/usr/bin/make -f CMakeFiles/cmTC_f6184.dir/build.make CMakeFiles/cmTC_f6184.dir/build
make[1]: Entering directory '/home/bartosz/cpp_personal/snek_cpp/linuxBuilds/CMakeFiles/CMakeTmp'
Building CXX object CMakeFiles/cmTC_f6184.dir/CMakeCXXCompilerABI.cpp.o
/usr/bin/c++      -o CMakeFiles/cmTC_f6184.dir/CMakeCXXCompilerABI.cpp.o -c /usr/share/cmake-3.5/Modules/CMakeCXXCompilerABI.cpp
Linking CXX executable cmTC_f6184
/usr/bin/cmake -E cmake_link_script CMakeFiles/cmTC_f6184.dir/link.txt --verbose=1
/usr/bin/c++       -v CMakeFiles/cmTC_f6184.dir/CMakeCXXCompilerABI.cpp.o  -o cmTC_f6184 -rdynamic  
Using built-in specs.
COLLECT_GCC=/usr/bin/c++
COLLECT_LTO_WRAPPER=/usr/lib/gcc/x86_64-linux-gnu/5/lto-wrapper
Target: x86_64-linux-gnu
Configured with: ../src/configure -v --with-pkgversion='Ubuntu 5.4.0-6ubuntu1~16.04.10' --with-bugurl=file:///usr/share/doc/gcc-5/README.Bugs --enable-languages=c,ada,c++,java,go,d,fortran,objc,obj-c++ --prefix=/usr --program-suffix=-5 --enable-shared --enable-linker-build-id --libexecdir=/usr/lib --without-included-gettext --enable-threads=posix --libdir=/usr/lib --enable-nls --with-sysroot=/ --enable-clocale=gnu --enable-libstdcxx-debug --enable-libstdcxx-time=yes --with-default-libstdcxx-abi=new --enable-gnu-unique-object --disable-vtable-verify --enable-libmpx --enable-plugin --with-system-zlib --disable-browser-plugin --enable-java-awt=gtk --enable-gtk-cairo --with-java-home=/usr/lib/jvm/java-1.5.0-gcj-5-amd64/jre --enable-java-home --with-jvm-root-dir=/usr/lib/jvm/java-1.5.0-gcj-5-amd64 --with-jvm-jar-dir=/usr/lib/jvm-exports/java-1.5.0-gcj-5-amd64 --with-arch-directory=amd64 --with-ecj-jar=/usr/share/java/eclipse-ecj.jar --enable-objc-gc --enable-multiarch --disable-werror --with-arch-32=i686 --with-abi=m64 --with-multilib-list=m32,m64,mx32 --enable-multilib --with-tune=generic --enable-checking=release --build=x86_64-linux-gnu --host=x86_64-linux-gnu --target=x86_64-linux-gnu
Thread model: posix
gcc version 5.4.0 20160609 (Ubuntu 5.4.0-6ubuntu1~16.04.10) 
COMPILER_PATH=/usr/lib/gcc/x86_64-linux-gnu/5/:/usr/lib/gcc/x86_64-linux-gnu/5/:/usr/lib/gcc/x86_64-linux-gnu/:/usr/lib/gcc/x86_64-linux-gnu/5/:/usr/lib/gcc/x86_64-linux-gnu/
LIBRARY_PATH=/usr/lib/gcc/x86_64-linux-gnu/5/:/usr/lib/gcc/x86_64-linux-gnu/5/../../../x86_64-linux-gnu/:/usr/lib/gcc/x86_64-linux-gnu/5/../../../../lib/:/lib/x86_64-linux-gnu/:/lib/../lib/:/usr/lib/x86_64-linux-gnu/:/usr/lib/../lib/:/usr/lib/gcc/x86_64-linux-gnu/5/../../../:/lib/:/usr/lib/
COLLECT_GCC_OPTIONS='-v' '-o' 'cmTC_f6184' '-rdynamic' '-shared-libgcc' '-mtune=generic' '-march=x86-64'
 /usr/lib/gcc/x86_64-linux-gnu/5/collect2 -plugin /usr/lib/gcc/x86_64-linux-gnu/5/liblto_plugin.so -plugin-opt=/usr/lib/gcc/x86_64-linux-gnu/5/lto-wrapper -plugin-opt=-fresolution=/tmp/cca4M6PX.res -plugin-opt=-pass-through=-lgcc_s -plugin-opt=-pass-through=-lgcc -plugin-opt=-pass-through=-lc -plugin-opt=-pass-through=-lgcc_s -plugin-opt=-pass-through=-lgcc --sysroot=/ --build-id --eh-frame-hdr -m elf_x86_64 --hash-style=gnu --as-needed -export-dynamic -dynamic-linker /lib64/ld-linux-x86-64.so.2 -z relro -o cmTC_f6184 /usr/lib/gcc/x86_64-linux-gnu/5/../../../x86_64-linux-gnu/crt1.o /usr/lib/gcc/x86_64-linux-gnu/5/../../../x86_64-linux-gnu/crti.o /usr/lib/gcc/x86_64-linux-gnu/5/crtbegin.o -L/usr/lib/gcc/x86_64-linux-gnu/5 -L/usr/lib/gcc/x86_64-linux-gnu/5/../../../x86_64-linux-gnu -L/usr/lib/gcc/x86_64-linux-gnu/5/../../../../lib -L/lib/x86_64-linux-gnu -L/lib/../lib -L/usr/lib/x86_64-linux-gnu -L/usr/lib/../lib -L/usr/lib/gcc/x86_64-linux-gnu/5/../../.. CMakeFiles/cmTC_f6184.dir/CMakeCXXCompilerABI.cpp.o -lstdc++ -lm -lgcc_s -lgcc -lc -lgcc_s -lgcc /usr/lib/gcc/x86_64-linux-gnu/5/crtend.o /usr/lib/gcc/x86_64-linux-gnu/5/../../../x86_64-linux-gnu/crtn.o
make[1]: Leaving directory '/home/bartosz/cpp_personal/snek_cpp/linuxBuilds/CMakeFiles/CMakeTmp'


Parsed CXX implicit link information from above output:
  link line regex: [^( *|.*[/\])(ld|([^/\]+-)?ld|collect2)[^/\]*( |$)]
  ignore line: [Change Dir: /home/bartosz/cpp_personal/snek_cpp/linuxBuilds/CMakeFiles/CMakeTmp]
  ignore line: []
  ignore line: [Run Build Command:"/usr/bin/make" "cmTC_f6184/fast"]
  ignore line: [/usr/bin/make -f CMakeFiles/cmTC_f6184.dir/build.make CMakeFiles/cmTC_f6184.dir/build]
  ignore line: [make[1]: Entering directory '/home/bartosz/cpp_personal/snek_cpp/linuxBuilds/CMakeFiles/CMakeTmp']
  ignore line: [Building CXX object CMakeFiles/cmTC_f6184.dir/CMakeCXXCompilerABI.cpp.o]
  ignore line: [/usr/bin/c++      -o CMakeFiles/cmTC_f6184.dir/CMakeCXXCompilerABI.cpp.o -c /usr/share/cmake-3.5/Modules/CMakeCXXCompilerABI.cpp]
  ignore line: [Linking CXX executable cmTC_f6184]
  ignore line: [/usr/bin/cmake -E cmake_link_script CMakeFiles/cmTC_f6184.dir/link.txt --verbose=1]
  ignore line: [/usr/bin/c++       -v CMakeFiles/cmTC_f6184.dir/CMakeCXXCompilerABI.cpp.o  -o cmTC_f6184 -rdynamic  ]
  ignore line: [Using built-in specs.]
  ignore line: [COLLECT_GCC=/usr/bin/c++]
  ignore line: [COLLECT_LTO_WRAPPER=/usr/lib/gcc/x86_64-linux-gnu/5/lto-wrapper]
  ignore line: [Target: x86_64-linux-gnu]
  ignore line: [Configured with: ../src/configure -v --with-pkgversion='Ubuntu 5.4.0-6ubuntu1~16.04.10' --with-bugurl=file:///usr/share/doc/gcc-5/README.Bugs --enable-languages=c,ada,c++,java,go,d,fortran,objc,obj-c++ --prefix=/usr --program-suffix=-5 --enable-shared --enable-linker-build-id --libexecdir=/usr/lib --without-included-gettext --enable-threads=posix --libdir=/usr/lib --enable-nls --with-sysroot=/ --enable-clocale=gnu --enable-libstdcxx-debug --enable-libstdcxx-time=yes --with-default-libstdcxx-abi=new --enable-gnu-unique-object --disable-vtable-verify --enable-libmpx --enable-plugin --with-system-zlib --disable-browser-plugin --enable-java-awt=gtk --enable-gtk-cairo --with-java-home=/usr/lib/jvm/java-1.5.0-gcj-5-amd64/jre --enable-java-home --with-jvm-root-dir=/usr/lib/jvm/java-1.5.0-gcj-5-amd64 --with-jvm-jar-dir=/usr/lib/jvm-exports/java-1.5.0-gcj-5-amd64 --with-arch-directory=amd64 --with-ecj-jar=/usr/share/java/eclipse-ecj.jar --enable-objc-gc --enable-multiarch --disable-werror --with-arch-32=i686 --with-abi=m64 --with-multilib-list=m32,m64,mx32 --enable-multilib --with-tune=generic --enable-checking=release --build=x86_64-linux-gnu --host=x86_64-linux-gnu --target=x86_64-linux-gnu]
  ignore line: [Thread model: posix]
  ignore line: [gcc version 5.4.0 20160609 (Ubuntu 5.4.0-6ubuntu1~16.04.10) ]
  ignore line: [COMPILER_PATH=/usr/lib/gcc/x86_64-linux-gnu/5/:/usr/lib/gcc/x86_64-linux-gnu/5/:/usr/lib/gcc/x86_64-linux-gnu/:/usr/lib/gcc/x86_64-linux-gnu/5/:/usr/lib/gcc/x86_64-linux-gnu/]
  ignore line: [LIBRARY_PATH=/usr/lib/gcc/x86_64-linux-gnu/5/:/usr/lib/gcc/x86_64-linux-gnu/5/../../../x86_64-linux-gnu/:/usr/lib/gcc/x86_64-linux-gnu/5/../../../../lib/:/lib/x86_64-linux-gnu/:/lib/../lib/:/usr/lib/x86_64-linux-gnu/:/usr/lib/../lib/:/usr/lib/gcc/x86_64-linux-gnu/5/../../../:/lib/:/usr/lib/]
  ignore line: [COLLECT_GCC_OPTIONS='-v' '-o' 'cmTC_f6184' '-rdynamic' '-shared-libgcc' '-mtune=generic' '-march=x86-64']
  link line: [ /usr/lib/gcc/x86_64-linux-gnu/5/collect2 -plugin /usr/lib/gcc/x86_64-linux-gnu/5/liblto_plugin.so -plugin-opt=/usr/lib/gcc/x86_64-linux-gnu/5/lto-wrapper -plugin-opt=-fresolution=/tmp/cca4M6PX.res -plugin-opt=-pass-through=-lgcc_s -plugin-opt=-pass-through=-lgcc -plugin-opt=-pass-through=-lc -plugin-opt=-pass-through=-lgcc_s -plugin-opt=-pass-through=-lgcc --sysroot=/ --build-id --eh-frame-hdr -m elf_x86_64 --hash-style=gnu --as-needed -export-dynamic -dynamic-linker /lib64/ld-linux-x86-64.so.2 -z relro -o cmTC_f6184 /usr/lib/gcc/x86_64-linux-gnu/5/../../../x86_64-linux-gnu/crt1.o /usr/lib/gcc/x86_64-linux-gnu/5/../../../x86_64-linux-gnu/crti.o /usr/lib/gcc/x86_64-linux-gnu/5/crtbegin.o -L/usr/lib/gcc/x86_64-linux-gnu/5 -L/usr/lib/gcc/x86_64-linux-gnu/5/../../../x86_64-linux-gnu -L/usr/lib/gcc/x86_64-linux-gnu/5/../../../../lib -L/lib/x86_64-linux-gnu -L/lib/../lib -L/usr/lib/x86_64-linux-gnu -L/usr/lib/../lib -L/usr/lib/gcc/x86_64-linux-gnu/5/../../.. CMakeFiles/cmTC_f6184.dir/CMakeCXXCompilerABI.cpp.o -lstdc++ -lm -lgcc_s -lgcc -lc -lgcc_s -lgcc /usr/lib/gcc/x86_64-linux-gnu/5/crtend.o /usr/lib/gcc/x86_64-linux-gnu/5/../../../x86_64-linux-gnu/crtn.o]
    arg [/usr/lib/gcc/x86_64-linux-gnu/5/collect2] ==> ignore
    arg [-plugin] ==> ignore
    arg [/usr/lib/gcc/x86_64-linux-gnu/5/liblto_plugin.so] ==> ignore
    arg [-plugin-opt=/usr/lib/gcc/x86_64-linux-gnu/5/lto-wrapper] ==> ignore
    arg [-plugin-opt=-fresolution=/tmp/cca4M6PX.res] ==> ignore
    arg [-plugin-opt=-pass-through=-lgcc_s] ==> ignore
    arg [-plugin-opt=-pass-through=-lgcc] ==> ignore
    arg [-plugin-opt=-pass-through=-lc] ==> ignore
    arg [-plugin-opt=-pass-through=-lgcc_s] ==> ignore
    arg [-plugin-opt=-pass-through=-lgcc] ==> ignore
    arg [--sysroot=/] ==> ignore
    arg [--build-id] ==> ignore
    arg [--eh-frame-hdr] ==> ignore
    arg [-m] ==> ignore
    arg [elf_x86_64] ==> ignore
    arg [--hash-style=gnu] ==> ignore
    arg [--as-needed] ==> ignore
    arg [-export-dynamic] ==> ignore
    arg [-dynamic-linker] ==> ignore
    arg [/lib64/ld-linux-x86-64.so.2] ==> ignore
    arg [-zrelro] ==> ignore
    arg [-o] ==> ignore
    arg [cmTC_f6184] ==> ignore
    arg [/usr/lib/gcc/x86_64-linux-gnu/5/../../../x86_64-linux-gnu/crt1.o] ==> ignore
    arg [/usr/lib/gcc/x86_64-linux-gnu/5/../../../x86_64-linux-gnu/crti.o] ==> ignore
    arg [/usr/lib/gcc/x86_64-linux-gnu/5/crtbegin.o] ==> ignore
    arg [-L/usr/lib/gcc/x86_64-linux-gnu/5] ==> dir [/usr/lib/gcc/x86_64-linux-gnu/5]
    arg [-L/usr/lib/gcc/x86_64-linux-gnu/5/../../../x86_64-linux-gnu] ==> dir [/usr/lib/gcc/x86_64-linux-gnu/5/../../../x86_64-linux-gnu]
    arg [-L/usr/lib/gcc/x86_64-linux-gnu/5/../../../../lib] ==> dir [/usr/lib/gcc/x86_64-linux-gnu/5/../../../../lib]
    arg [-L/lib/x86_64-linux-gnu] ==> dir [/lib/x86_64-linux-gnu]
    arg [-L/lib/../lib] ==> dir [/lib/../lib]
    arg [-L/usr/lib/x86_64-linux-gnu] ==> dir [/usr/lib/x86_64-linux-gnu]
    arg [-L/usr/lib/../lib] ==> dir [/usr/lib/../lib]
    arg [-L/usr/lib/gcc/x86_64-linux-gnu/5/../../..] ==> dir [/usr/lib/gcc/x86_64-linux-gnu/5/../../..]
    arg [CMakeFiles/cmTC_f6184.dir/CMakeCXXCompilerABI.cpp.o] ==> ignore
    arg [-lstdc++] ==> lib [stdc++]
    arg [-lm] ==> lib [m]
    arg [-lgcc_s] ==> lib [gcc_s]
    arg [-lgcc] ==> lib [gcc]
    arg [-lc] ==> lib [c]
    arg [-lgcc_s] ==> lib [gcc_s]
    arg [-lgcc] ==> lib [gcc]
    arg [/usr/lib/gcc/x86_64-linux-gnu/5/crtend.o] ==> ignore
    arg [/usr/lib/gcc/x86_64-linux-gnu/5/../../../x86_64-linux-gnu/crtn.o] ==> ignore
  remove lib [gcc_s]
  remove lib [gcc]
  remove lib [gcc_s]
  remove lib [gcc]
  collapse library dir [/usr/lib/gcc/x86_64-linux-gnu/5] ==> [/usr/lib/gcc/x86_64-linux-gnu/5]
  collapse library dir [/usr/lib/gcc/x86_64-linux-gnu/5/../../../x86_64-linux-gnu] ==> [/usr/lib/x86_64-linux-gnu]
  collapse library dir [/usr/lib/gcc/x86_64-linux-gnu/5/../../../../lib] ==> [/usr/lib]
  collapse library dir [/lib/x86_64-linux-gnu] ==> [/lib/x86_64-linux-gnu]
  collapse library dir [/lib/../lib] ==> [/lib]
  collapse library dir [/usr/lib/x86_64-linux-gnu] ==> [/usr/lib/x86_64-linux-gnu]
  collapse library dir [/usr/lib/../lib] ==> [/usr/lib]
  collapse library dir [/usr/lib/gcc/x86_64-linux-gnu/5/../../..] ==> [/usr/lib]
  implicit libs: [stdc++;m;c]
  implicit dirs: [/usr/lib/gcc/x86_64-linux-gnu/5;/usr/lib/x86_64-linux-gnu;/usr/lib;/lib/x86_64-linux-gnu;/lib]
  implicit fwks: []




Detecting CXX [-std=c++14] compiler features compiled with the following output:
Change Dir: /home/bartosz/cpp_personal/snek_cpp/linuxBuilds/CMakeFiles/CMakeTmp

Run Build Command:"/usr/bin/make" "cmTC_5dbc9/fast"
/usr/bin/make -f CMakeFiles/cmTC_5dbc9.dir/build.make CMakeFiles/cmTC_5dbc9.dir/build
make[1]: Entering directory '/home/bartosz/cpp_personal/snek_cpp/linuxBuilds/CMakeFiles/CMakeTmp'
Building CXX object CMakeFiles/cmTC_5dbc9.dir/feature_tests.cxx.o
/usr/bin/c++     -std=c++14 -o CMakeFiles/cmTC_5dbc9.dir/feature_tests.cxx.o -c /home/bartosz/cpp_personal/snek_cpp/linuxBuilds/CMakeFiles/feature_tests.cxx
Linking CXX executable cmTC_5dbc9
/usr/bin/cmake -E cmake_link_script CMakeFiles/cmTC_5dbc9.dir/link.txt --verbose=1
/usr/bin/c++        CMakeFiles/cmTC_5dbc9.dir/feature_tests.cxx.o  -o cmTC_5dbc9 -rdynamic 
make[1]: Leaving directory '/home/bartosz/cpp_personal/snek_cpp/linuxBuilds/CMakeFiles/CMakeTmp'


    Feature record: CXX_FEATURE:1cxx_aggregate_default_initializers
    Feature record: CXX_FEATURE:1cxx_alias_templates
    Feature record: CXX_FEATURE:1cxx_alignas
    Feature record: CXX_FEATURE:1cxx_alignof
    Feature record: CXX_FEATURE:1cxx_attributes
    Feature record: CXX_FEATURE:1cxx_attribute_deprecated
    Feature record: CXX_FEATURE:1cxx_auto_type
    Feature record: CXX_FEATURE:1cxx_binary_literals
    Feature record: CXX_FEATURE:1cxx_constexpr
    Feature record: CXX_FEATURE:1cxx_contextual_conversions
    Feature record: CXX_FEATURE:1cxx_decltype
    Feature record: CXX_FEATURE:1cxx_decltype_auto
    Feature record: CXX_FEATURE:1cxx_decltype_incomplete_return_types
    Feature record: CXX_FEATURE:1cxx_default_function_template_args
    Feature record: CXX_FEATURE:1cxx_defaulted_functions
    Feature record: CXX_FEATURE:1cxx_defaulted_move_initializers
    Feature record: CXX_FEATURE:1cxx_delegating_constructors
    Feature record: CXX_FEATURE:1cxx_deleted_functions
    Feature record: CXX_FEATURE:1cxx_digit_separators
    Feature record: CXX_FEATURE:1cxx_enum_forward_declarations
    Feature record: CXX_FEATURE:1cxx_explicit_conversions
    Feature record: CXX_FEATURE:1cxx_extended_friend_declarations
    Feature record: CXX_FEATURE:1cxx_extern_templates
    Feature record: CXX_FEATURE:1cxx_final
    Feature record: CXX_FEATURE:1cxx_func_identifier
    Feature record: CXX_FEATURE:1cxx_generalized_initializers
    Feature record: CXX_FEATURE:1cxx_generic_lambdas
    Feature record: CXX_FEATURE:1cxx_inheriting_constructors
    Feature record: CXX_FEATURE:1cxx_inline_namespaces
    Feature record: CXX_FEATURE:1cxx_lambdas
    Feature record: CXX_FEATURE:1cxx_lambda_init_captures
    Feature record: CXX_FEATURE:1cxx_local_type_template_args
    Feature record: CXX_FEATURE:1cxx_long_long_type
    Feature record: CXX_FEATURE:1cxx_noexcept
    Feature record: CXX_FEATURE:1cxx_nonstatic_member_init
    Feature record: CXX_FEATURE:1cxx_nullptr
    Feature record: CXX_FEATURE:1cxx_override
    Feature record: CXX_FEATURE:1cxx_range_for
    Feature record: CXX_FEATURE:1cxx_raw_string_literals
    Feature record: CXX_FEATURE:1cxx_reference_qualified_functions
    Feature record: CXX_FEATURE:1cxx_relaxed_constexpr
    Feature record: CXX_FEATURE:1cxx_return_type_deduction
    Feature record: CXX_FEATURE:1cxx_right_angle_brackets
    Feature record: CXX_FEATURE:1cxx_rvalue_references
    Feature record: CXX_FEATURE:1cxx_sizeof_member
    Feature record: CXX_FEATURE:1cxx_static_assert
    Feature record: CXX_FEATURE:1cxx_strong_enums
    Feature record: CXX_FEATURE:1cxx_template_template_parameters
    Feature record: CXX_FEATURE:1cxx_thread_local
    Feature record: CXX_FEATURE:1cxx_trailing_return_types
    Feature record: CXX_FEATURE:1cxx_unicode_literals
    Feature record: CXX_FEATURE:1cxx_uniform_initialization
    Feature record: CXX_FEATURE:1cxx_unrestricted_unions
    Feature record: CXX_FEATURE:1cxx_user_literals
    Feature record: CXX_FEATURE:1cxx_variable_templates
    Feature record: CXX_FEATURE:1cxx_variadic_macros
    Feature record: CXX_FEATURE:1cxx_variadic_templates


Detecting CXX [-std=c++11] compiler features compiled with the following output:
Change Dir: /home/bartosz/cpp_personal/snek_cpp/linuxBuilds/CMakeFiles/CMakeTmp

Run Build Command:"/usr/bin/make" "cmTC_ccd04/fast"
/usr/bin/make -f CMakeFiles/cmTC_ccd04.dir/build.make CMakeFiles/cmTC_ccd04.dir/build
make[1]: Entering directory '/home/bartosz/cpp_personal/snek_cpp/linuxBuilds/CMakeFiles/CMakeTmp'
Building CXX object CMakeFiles/cmTC_ccd04.dir/feature_tests.cxx.o
/usr/bin/c++     -std=c++11 -o CMakeFiles/cmTC_ccd04.dir/feature_tests.cxx.o -c /home/bartosz/cpp_personal/snek_cpp/linuxBuilds/CMakeFiles/feature_tests.cxx
Linking CXX executable cmTC_ccd04
/usr/bin/cmake -E cmake_link_script CMakeFiles/cmTC_ccd04.dir/link.txt --verbose=1
/usr/bin/c++        CMakeFiles/cmTC_ccd04.dir/feature_tests.cxx.o  -o cmTC_ccd04 -rdynamic 
make[1]: Leaving directory '/home/bartosz/cpp_personal/snek_cpp/linuxBuilds/CMakeFiles/CMakeTmp'


    Feature record: CXX_FEATURE:0cxx_aggregate_default_initializers
    Feature record: CXX_FEATURE:1cxx_alias_templates
    Feature record: CXX_FEATURE:1cxx_alignas
    Feature record: CXX_FEATURE:1cxx_alignof
    Feature record: CXX_FEATURE:1cxx_attributes
    Feature record: CXX_FEATURE:0cxx_attribute_deprecated
    Feature record: CXX_FEATURE:1cxx_auto_type
    Feature record: CXX_FEATURE:0cxx_binary_literals
    Feature record: CXX_FEATURE:1cxx_constexpr
    Feature record: CXX_FEATURE:0cxx_contextual_conversions
    Feature record: CXX_FEATURE:1cxx_decltype
    Feature record: CXX_FEATURE:0cxx_decltype_auto
    Feature record: CXX_FEATURE:1cxx_decltype_incomplete_return_types
    Feature record: CXX_FEATURE:1cxx_default_function_template_args
    Feature record: CXX_FEATURE:1cxx_defaulted_functions
    Feature record: CXX_FEATURE:1cxx_defaulted_move_initializers
    Feature record: CXX_FEATURE:1cxx_delegating_constructors
    Feature record: CXX_FEATURE:1cxx_deleted_functions
    Feature record: CXX_FEATURE:0cxx_digit_separators
    Feature record: CXX_FEATURE:1cxx_enum_forward_declarations
    Feature record: CXX_FEATURE:1cxx_explicit_conversions
    Feature record: CXX_FEATURE:1cxx_extended_friend_declarations
    Feature record: CXX_FEATURE:1cxx_extern_templates
    Feature record: CXX_FEATURE:1cxx_final
    Feature record: CXX_FEATURE:1cxx_func_identifier
    Feature record: CXX_FEATURE:1cxx_generalized_initializers
    Feature record: CXX_FEATURE:0cxx_generic_lambdas
    Feature record: CXX_FEATURE:1cxx_inheriting_constructors
    Feature record: CXX_FEATURE:1cxx_inline_namespaces
    Feature record: CXX_FEATURE:1cxx_lambdas
    Feature record: CXX_FEATURE:0cxx_lambda_init_captures
    Feature record: CXX_FEATURE:1cxx_local_type_template_args
    Feature record: CXX_FEATURE:1cxx_long_long_type
    Feature record: CXX_FEATURE:1cxx_noexcept
    Feature record: CXX_FEATURE:1cxx_nonstatic_member_init
    Feature record: CXX_FEATURE:1cxx_nullptr
    Feature record: CXX_FEATURE:1cxx_override
    Feature record: CXX_FEATURE:1cxx_range_for
    Feature record: CXX_FEATURE:1cxx_raw_string_literals
    Feature record: CXX_FEATURE:1cxx_reference_qualified_functions
    Feature record: CXX_FEATURE:0cxx_relaxed_constexpr
    Feature record: CXX_FEATURE:0cxx_return_type_deduction
    Feature record: CXX_FEATURE:1cxx_right_angle_brackets
    Feature record: CXX_FEATURE:1cxx_rvalue_references
    Feature record: CXX_FEATURE:1cxx_sizeof_member
    Feature record: CXX_FEATURE:1cxx_static_assert
    Feature record: CXX_FEATURE:1cxx_strong_enums
    Feature record: CXX_FEATURE:1cxx_template_template_parameters
    Feature record: CXX_FEATURE:1cxx_thread_local
    Feature record: CXX_FEATURE:1cxx_trailing_return_types
    Feature record: CXX_FEATURE:1cxx_unicode_literals
    Feature record: CXX_FEATURE:1cxx_uniform_initialization
    Feature record: CXX_FEATURE:1cxx_unrestricted_unions
    Feature record: CXX_FEATURE:1cxx_user_literals
    Feature record: CXX_FEATURE:0cxx_variable_templates
    Feature record: CXX_FEATURE:1cxx_variadic_macros
    Feature record: CXX_FEATURE:1cxx_variadic_templates


Detecting CXX [-std=c++98] compiler features compiled with the following output:
Change Dir: /home/bartosz/cpp_personal/snek_cpp/linuxBuilds/CMakeFiles/CMakeTmp

Run Build Command:"/usr/bin/make" "cmTC_550c6/fast"
/usr/bin/make -f CMakeFiles/cmTC_550c6.dir/build.make CMakeFiles/cmTC_550c6.dir/build
make[1]: Entering directory '/home/bartosz/cpp_personal/snek_cpp/linuxBuilds/CMakeFiles/CMakeTmp'
Building CXX object CMakeFiles/cmTC_550c6.dir/feature_tests.cxx.o
/usr/bin/c++     -std=c++98 -o CMakeFiles/cmTC_550c6.dir/feature_tests.cxx.o -c /home/bartosz/cpp_personal/snek_cpp/linuxBuilds/CMakeFiles/feature_tests.cxx
Linking CXX executable cmTC_550c6
/usr/bin/cmake -E cmake_link_script CMakeFiles/cmTC_550c6.dir/link.txt --verbose=1
/usr/bin/c++        CMakeFiles/cmTC_550c6.dir/feature_tests.cxx.o  -o cmTC_550c6 -rdynamic 
make[1]: Leaving directory '/home/bartosz/cpp_personal/snek_cpp/linuxBuilds/CMakeFiles/CMakeTmp'


    Feature record: CXX_FEATURE:0cxx_aggregate_default_initializers
    Feature record: CXX_FEATURE:0cxx_alias_templates
    Feature record: CXX_FEATURE:0cxx_alignas
    Feature record: CXX_FEATURE:0cxx_alignof
    Feature record: CXX_FEATURE:0cxx_attributes
    Feature record: CXX_FEATURE:0cxx_attribute_deprecated
    Feature record: CXX_FEATURE:0cxx_auto_type
    Feature record: CXX_FEATURE:0cxx_binary_literals
    Feature record: CXX_FEATURE:0cxx_constexpr
    Feature record: CXX_FEATURE:0cxx_contextual_conversions
    Feature record: CXX_FEATURE:0cxx_decltype
    Feature record: CXX_FEATURE:0cxx_decltype_auto
    Feature record: CXX_FEATURE:0cxx_decltype_incomplete_return_types
    Feature record: CXX_FEATURE:0cxx_default_function_template_args
    Feature record: CXX_FEATURE:0cxx_defaulted_functions
    Feature record: CXX_FEATURE:0cxx_defaulted_move_initializers
    Feature record: CXX_FEATURE:0cxx_delegating_constructors
    Feature record: CXX_FEATURE:0cxx_deleted_functions
    Feature record: CXX_FEATURE:0cxx_digit_separators
    Feature record: CXX_FEATURE:0cxx_enum_forward_declarations
    Feature record: CXX_FEATURE:0cxx_explicit_conversions
    Feature record: CXX_FEATURE:0cxx_extended_friend_declarations
    Feature record: CXX_FEATURE:0cxx_extern_templates
    Feature record: CXX_FEATURE:0cxx_final
    Feature record: CXX_FEATURE:0cxx_func_identifier
    Feature record: CXX_FEATURE:0cxx_generalized_initializers
    Feature record: CXX_FEATURE:0cxx_generic_lambdas
    Feature record: CXX_FEATURE:0cxx_inheriting_constructors
    Feature record: CXX_FEATURE:0cxx_inline_namespaces
    Feature record: CXX_FEATURE:0cxx_lambdas
    Feature record: CXX_FEATURE:0cxx_lambda_init_captures
    Feature record: CXX_FEATURE:0cxx_local_type_template_args
    Feature record: CXX_FEATURE:0cxx_long_long_type
    Feature record: CXX_FEATURE:0cxx_noexcept
    Feature record: CXX_FEATURE:0cxx_nonstatic_member_init
    Feature record: CXX_FEATURE:0cxx_nullptr
    Feature record: CXX_FEATURE:0cxx_override
    Feature record: CXX_FEATURE:0cxx_range_for
    Feature record: CXX_FEATURE:0cxx_raw_string_literals
    Feature record: CXX_FEATURE:0cxx_reference_qualified_functions
    Feature record: CXX_FEATURE:0cxx_relaxed_constexpr
    Feature record: CXX_FEATURE:0cxx_return_type_deduction
    Feature record: CXX_FEATURE:0cxx_right_angle_brackets
    Feature record: CXX_FEATURE:0cxx_rvalue_references
    Feature record: CXX_FEATURE:0cxx_sizeof_member
    Feature record: CXX_FEATURE:0cxx_static_assert
    Feature record: CXX_FEATURE:0cxx_strong_enums
    Feature record: CXX_FEATURE:1cxx_template_template_parameters
    Feature record: CXX_FEATURE:0cxx_thread_local
    Feature record: CXX_FEATURE:0cxx_trailing_return_types
    Feature record: CXX_FEATURE:0cxx_unicode_literals
    Feature record: CXX_FEATURE:0cxx_uniform_initialization
    Feature record: CXX_FEATURE:0cxx_unrestricted_unions
    Feature record: CXX_FEATURE:0cxx_user_literals
    Feature record: CXX_FEATURE:0cxx_variable_templates
    Feature record: CXX_FEATURE:0cxx_variadic_macros
    Feature record: CXX_FEATURE:0cxx_variadic_templates
Determining if the include file pthread.h exists passed with the following output:
Change Dir: /home/bartosz/cpp_personal/snek_cpp/linuxBuilds/CMakeFiles/CMakeTmp

Run Build Command:"/usr/bin/make" "cmTC_d8fbf/fast"
/usr/bin/make -f CMakeFiles/cmTC_d8fbf.dir/build.make CMakeFiles/cmTC_d8fbf.dir/build
make[1]: Entering directory '/home/bartosz/cpp_personal/snek_cpp/linuxBuilds/CMakeFiles/CMakeTmp'
Building C object CMakeFiles/cmTC_d8fbf.dir/CheckIncludeFile.c.o
/usr/bin/cc     -o CMakeFiles/cmTC_d8fbf.dir/CheckIncludeFile.c.o   -c /home/bartosz/cpp_personal/snek_cpp/linuxBuilds/CMakeFiles/CMakeTmp/CheckIncludeFile.c
Linking C executable cmTC_d8fbf
/usr/bin/cmake -E cmake_link_script CMakeFiles/cmTC_d8fbf.dir/link.txt --verbose=1
/usr/bin/cc       CMakeFiles/cmTC_d8fbf.dir/CheckIncludeFile.c.o  -o cmTC_d8fbf -rdynamic 
make[1]: Leaving directory '/home/bartosz/cpp_personal/snek_cpp/linuxBuilds/CMakeFiles/CMakeTmp'


Determining if the function pthread_create exists in the pthread passed with the following output:
Change Dir: /home/bartosz/cpp_personal/snek_cpp/linuxBuilds/CMakeFiles/CMakeTmp

Run Build Command:"/usr/bin/make" "cmTC_83a16/fast"
/usr/bin/make -f CMakeFiles/cmTC_83a16.dir/build.make CMakeFiles/cmTC_83a16.dir/build
make[1]: Entering directory '/home/bartosz/cpp_personal/snek_cpp/linuxBuilds/CMakeFiles/CMakeTmp'
Building C object CMakeFiles/cmTC_83a16.dir/CheckFunctionExists.c.o
/usr/bin/cc    -DCHECK_FUNCTION_EXISTS=pthread_create   -o CMakeFiles/cmTC_83a16.dir/CheckFunctionExists.c.o   -c /usr/share/cmake-3.5/Modules/CheckFunctionExists.c
Linking C executable cmTC_83a16
/usr/bin/cmake -E cmake_link_script CMakeFiles/cmTC_83a16.dir/link.txt --verbose=1
/usr/bin/cc   -DCHECK_FUNCTION_EXISTS=pthread_create    CMakeFiles/cmTC_83a16.dir/CheckFunctionExists.c.o  -o cmTC_83a16 -rdynamic -lpthread 
make[1]: Leaving directory '/home/bartosz/cpp_personal/snek_cpp/linuxBuilds/CMakeFiles/CMakeTmp'


Determining if the function XOpenDisplay exists in the /usr/lib/x86_64-linux-gnu/libX11.so;/usr/lib/x86_64-linux-gnu/libXext.so passed with the following output:
Change Dir: /home/bartosz/cpp_personal/snek_cpp/linuxBuilds/CMakeFiles/CMakeTmp

Run Build Command:"/usr/bin/make" "cmTC_e4b21/fast"
/usr/bin/make -f CMakeFiles/cmTC_e4b21.dir/build.make CMakeFiles/cmTC_e4b21.dir/build
make[1]: Entering directory '/home/bartosz/cpp_personal/snek_cpp/linuxBuilds/CMakeFiles/CMakeTmp'
Building C object CMakeFiles/cmTC_e4b21.dir/CheckFunctionExists.c.o
/usr/bin/cc    -DCHECK_FUNCTION_EXISTS=XOpenDisplay   -o CMakeFiles/cmTC_e4b21.dir/CheckFunctionExists.c.o   -c /usr/share/cmake-3.5/Modules/CheckFunctionExists.c
Linking C executable cmTC_e4b21
/usr/bin/cmake -E cmake_link_script CMakeFiles/cmTC_e4b21.dir/link.txt --verbose=1
/usr/bin/cc   -DCHECK_FUNCTION_EXISTS=XOpenDisplay    CMakeFiles/cmTC_e4b21.dir/CheckFunctionExists.c.o  -o cmTC_e4b21 -rdynamic /usr/lib/x86_64-linux-gnu/libX11.so /usr/lib/x86_64-linux-gnu/libXext.so 
make[1]: Leaving directory '/home/bartosz/cpp_personal/snek_cpp/linuxBuilds/CMakeFiles/CMakeTmp'


Determining if the function gethostbyname exists passed with the following output:
Change Dir: /home/bartosz/cpp_personal/snek_cpp/linuxBuilds/CMakeFiles/CMakeTmp

Run Build Command:"/usr/bin/make" "cmTC_8cb11/fast"
/usr/bin/make -f CMakeFiles/cmTC_8cb11.dir/build.make CMakeFiles/cmTC_8cb11.dir/build
make[1]: Entering directory '/home/bartosz/cpp_personal/snek_cpp/linuxBuilds/CMakeFiles/CMakeTmp'
Building C object CMakeFiles/cmTC_8cb11.dir/CheckFunctionExists.c.o
/usr/bin/cc    -DCHECK_FUNCTION_EXISTS=gethostbyname   -o CMakeFiles/cmTC_8cb11.dir/CheckFunctionExists.c.o   -c /usr/share/cmake-3.5/Modules/CheckFunctionExists.c
Linking C executable cmTC_8cb11
/usr/bin/cmake -E cmake_link_script CMakeFiles/cmTC_8cb11.dir/link.txt --verbose=1
/usr/bin/cc   -DCHECK_FUNCTION_EXISTS=gethostbyname    CMakeFiles/cmTC_8cb11.dir/CheckFunctionExists.c.o  -o cmTC_8cb11 -rdynamic 
make[1]: Leaving directory '/home/bartosz/cpp_personal/snek_cpp/linuxBuilds/CMakeFiles/CMakeTmp'


Determining if the function connect exists passed with the following output:
Change Dir: /home/bartosz/cpp_personal/snek_cpp/linuxBuilds/CMakeFiles/CMakeTmp

Run Build Command:"/usr/bin/make" "cmTC_bdb4c/fast"
/usr/bin/make -f CMakeFiles/cmTC_bdb4c.dir/build.make CMakeFiles/cmTC_bdb4c.dir/build
make[1]: Entering directory '/home/bartosz/cpp_personal/snek_cpp/linuxBuilds/CMakeFiles/CMakeTmp'
Building C object CMakeFiles/cmTC_bdb4c.dir/CheckFunctionExists.c.o
/usr/bin/cc    -DCHECK_FUNCTION_EXISTS=connect   -o CMakeFiles/cmTC_bdb4c.dir/CheckFunctionExists.c.o   -c /usr/share/cmake-3.5/Modules/CheckFunctionExists.c
Linking C executable cmTC_bdb4c
/usr/bin/cmake -E cmake_link_script CMakeFiles/cmTC_bdb4c.dir/link.txt --verbose=1
/usr/bin/cc   -DCHECK_FUNCTION_EXISTS=connect    CMakeFiles/cmTC_bdb4c.dir/CheckFunctionExists.c.o  -o cmTC_bdb4c -rdynamic 
make[1]: Leaving directory '/home/bartosz/cpp_personal/snek_cpp/linuxBuilds/CMakeFiles/CMakeTmp'


Determining if the function remove exists passed with the following output:
Change Dir: /home/bartosz/cpp_personal/snek_cpp/linuxBuilds/CMakeFiles/CMakeTmp

Run Build Command:"/usr/bin/make" "cmTC_877f3/fast"
/usr/bin/make -f CMakeFiles/cmTC_877f3.dir/build.make CMakeFiles/cmTC_877f3.dir/build
make[1]: Entering directory '/home/bartosz/cpp_personal/snek_cpp/linuxBuilds/CMakeFiles/CMakeTmp'
Building C object CMakeFiles/cmTC_877f3.dir/CheckFunctionExists.c.o
/usr/bin/cc    -DCHECK_FUNCTION_EXISTS=remove   -o CMakeFiles/cmTC_877f3.dir/CheckFunctionExists.c.o   -c /usr/share/cmake-3.5/Modules/CheckFunctionExists.c
Linking C executable cmTC_877f3
/usr/bin/cmake -E cmake_link_script CMakeFiles/cmTC_877f3.dir/link.txt --verbose=1
/usr/bin/cc   -DCHECK_FUNCTION_EXISTS=remove    CMakeFiles/cmTC_877f3.dir/CheckFunctionExists.c.o  -o cmTC_877f3 -rdynamic 
make[1]: Leaving directory '/home/bartosz/cpp_personal/snek_cpp/linuxBuilds/CMakeFiles/CMakeTmp'


Determining if the function shmat exists passed with the following output:
Change Dir: /home/bartosz/cpp_personal/snek_cpp/linuxBuilds/CMakeFiles/CMakeTmp

Run Build Command:"/usr/bin/make" "cmTC_8e78c/fast"
/usr/bin/make -f CMakeFiles/cmTC_8e78c.dir/build.make CMakeFiles/cmTC_8e78c.dir/build
make[1]: Entering directory '/home/bartosz/cpp_personal/snek_cpp/linuxBuilds/CMakeFiles/CMakeTmp'
Building C object CMakeFiles/cmTC_8e78c.dir/CheckFunctionExists.c.o
/usr/bin/cc    -DCHECK_FUNCTION_EXISTS=shmat   -o CMakeFiles/cmTC_8e78c.dir/CheckFunctionExists.c.o   -c /usr/share/cmake-3.5/Modules/CheckFunctionExists.c
Linking C executable cmTC_8e78c
/usr/bin/cmake -E cmake_link_script CMakeFiles/cmTC_8e78c.dir/link.txt --verbose=1
/usr/bin/cc   -DCHECK_FUNCTION_EXISTS=shmat    CMakeFiles/cmTC_8e78c.dir/CheckFunctionExists.c.o  -o cmTC_8e78c -rdynamic 
make[1]: Leaving directory '/home/bartosz/cpp_personal/snek_cpp/linuxBuilds/CMakeFiles/CMakeTmp'


Determining if the function IceConnectionNumber exists in the ICE passed with the following output:
Change Dir: /home/bartosz/cpp_personal/snek_cpp/linuxBuilds/CMakeFiles/CMakeTmp

Run Build Command:"/usr/bin/make" "cmTC_04c19/fast"
/usr/bin/make -f CMakeFiles/cmTC_04c19.dir/build.make CMakeFiles/cmTC_04c19.dir/build
make[1]: Entering directory '/home/bartosz/cpp_personal/snek_cpp/linuxBuilds/CMakeFiles/CMakeTmp'
Building C object CMakeFiles/cmTC_04c19.dir/CheckFunctionExists.c.o
/usr/bin/cc    -DCHECK_FUNCTION_EXISTS=IceConnectionNumber   -o CMakeFiles/cmTC_04c19.dir/CheckFunctionExists.c.o   -c /usr/share/cmake-3.5/Modules/CheckFunctionExists.c
Linking C executable cmTC_04c19
/usr/bin/cmake -E cmake_link_script CMakeFiles/cmTC_04c19.dir/link.txt --verbose=1
/usr/bin/cc   -DCHECK_FUNCTION_EXISTS=IceConnectionNumber    CMakeFiles/cmTC_04c19.dir/CheckFunctionExists.c.o  -o cmTC_04c19 -rdynamic -lICE 
make[1]: Leaving directory '/home/bartosz/cpp_personal/snek_cpp/linuxBuilds/CMakeFiles/CMakeTmp'


Determining if the include file sys/types.h exists passed with the following output:
Change Dir: /home/bartosz/cpp_personal/snek_cpp/linuxBuilds/CMakeFiles/CMakeTmp

Run Build Command:"/usr/bin/make" "cmTC_7758b/fast"
/usr/bin/make -f CMakeFiles/cmTC_7758b.dir/build.make CMakeFiles/cmTC_7758b.dir/build
make[1]: Entering directory '/home/bartosz/cpp_personal/snek_cpp/linuxBuilds/CMakeFiles/CMakeTmp'
Building C object CMakeFiles/cmTC_7758b.dir/CheckIncludeFile.c.o
/usr/bin/cc     -o CMakeFiles/cmTC_7758b.dir/CheckIncludeFile.c.o   -c /home/bartosz/cpp_personal/snek_cpp/linuxBuilds/CMakeFiles/CMakeTmp/CheckIncludeFile.c
Linking C executable cmTC_7758b
/usr/bin/cmake -E cmake_link_script CMakeFiles/cmTC_7758b.dir/link.txt --verbose=1
/usr/bin/cc       CMakeFiles/cmTC_7758b.dir/CheckIncludeFile.c.o  -o cmTC_7758b -rdynamic 
make[1]: Leaving directory '/home/bartosz/cpp_personal/snek_cpp/linuxBuilds/CMakeFiles/CMakeTmp'


Determining if the include file stdint.h exists passed with the following output:
Change Dir: /home/bartosz/cpp_personal/snek_cpp/linuxBuilds/CMakeFiles/CMakeTmp

Run Build Command:"/usr/bin/make" "cmTC_b06ac/fast"
/usr/bin/make -f CMakeFiles/cmTC_b06ac.dir/build.make CMakeFiles/cmTC_b06ac.dir/build
make[1]: Entering directory '/home/bartosz/cpp_personal/snek_cpp/linuxBuilds/CMakeFiles/CMakeTmp'
Building C object CMakeFiles/cmTC_b06ac.dir/CheckIncludeFile.c.o
/usr/bin/cc     -o CMakeFiles/cmTC_b06ac.dir/CheckIncludeFile.c.o   -c /home/bartosz/cpp_personal/snek_cpp/linuxBuilds/CMakeFiles/CMakeTmp/CheckIncludeFile.c
Linking C executable cmTC_b06ac
/usr/bin/cmake -E cmake_link_script CMakeFiles/cmTC_b06ac.dir/link.txt --verbose=1
/usr/bin/cc       CMakeFiles/cmTC_b06ac.dir/CheckIncludeFile.c.o  -o cmTC_b06ac -rdynamic 
make[1]: Leaving directory '/home/bartosz/cpp_personal/snek_cpp/linuxBuilds/CMakeFiles/CMakeTmp'


Determining if the include file stddef.h exists passed with the following output:
Change Dir: /home/bartosz/cpp_personal/snek_cpp/linuxBuilds/CMakeFiles/CMakeTmp

Run Build Command:"/usr/bin/make" "cmTC_d42a9/fast"
/usr/bin/make -f CMakeFiles/cmTC_d42a9.dir/build.make CMakeFiles/cmTC_d42a9.dir/build
make[1]: Entering directory '/home/bartosz/cpp_personal/snek_cpp/linuxBuilds/CMakeFiles/CMakeTmp'
Building C object CMakeFiles/cmTC_d42a9.dir/CheckIncludeFile.c.o
/usr/bin/cc     -o CMakeFiles/cmTC_d42a9.dir/CheckIncludeFile.c.o   -c /home/bartosz/cpp_personal/snek_cpp/linuxBuilds/CMakeFiles/CMakeTmp/CheckIncludeFile.c
Linking C executable cmTC_d42a9
/usr/bin/cmake -E cmake_link_script CMakeFiles/cmTC_d42a9.dir/link.txt --verbose=1
/usr/bin/cc       CMakeFiles/cmTC_d42a9.dir/CheckIncludeFile.c.o  -o cmTC_d42a9 -rdynamic 
make[1]: Leaving directory '/home/bartosz/cpp_personal/snek_cpp/linuxBuilds/CMakeFiles/CMakeTmp'


Determining size of off64_t passed with the following output:
Change Dir: /home/bartosz/cpp_personal/snek_cpp/linuxBuilds/CMakeFiles/CMakeTmp

Run Build Command:"/usr/bin/make" "cmTC_cbbfe/fast"
/usr/bin/make -f CMakeFiles/cmTC_cbbfe.dir/build.make CMakeFiles/cmTC_cbbfe.dir/build
make[1]: Entering directory '/home/bartosz/cpp_personal/snek_cpp/linuxBuilds/CMakeFiles/CMakeTmp'
Building C object CMakeFiles/cmTC_cbbfe.dir/OFF64_T.c.o
/usr/bin/cc  -DHAVE_STDDEF_H -DHAVE_STDINT_H -DHAVE_SYS_TYPES_H -D_LARGEFILE64_SOURCE=1   -o CMakeFiles/cmTC_cbbfe.dir/OFF64_T.c.o   -c /home/bartosz/cpp_personal/snek_cpp/linuxBuilds/CMakeFiles/CheckTypeSize/OFF64_T.c
Linking C executable cmTC_cbbfe
/usr/bin/cmake -E cmake_link_script CMakeFiles/cmTC_cbbfe.dir/link.txt --verbose=1
/usr/bin/cc       CMakeFiles/cmTC_cbbfe.dir/OFF64_T.c.o  -o cmTC_cbbfe -rdynamic 
make[1]: Leaving directory '/home/bartosz/cpp_personal/snek_cpp/linuxBuilds/CMakeFiles/CMakeTmp'


Determining if the function fseeko exists passed with the following output:
Change Dir: /home/bartosz/cpp_personal/snek_cpp/linuxBuilds/CMakeFiles/CMakeTmp

Run Build Command:"/usr/bin/make" "cmTC_90dfe/fast"
/usr/bin/make -f CMakeFiles/cmTC_90dfe.dir/build.make CMakeFiles/cmTC_90dfe.dir/build
make[1]: Entering directory '/home/bartosz/cpp_personal/snek_cpp/linuxBuilds/CMakeFiles/CMakeTmp'
Building C object CMakeFiles/cmTC_90dfe.dir/CheckFunctionExists.c.o
/usr/bin/cc    -DCHECK_FUNCTION_EXISTS=fseeko   -o CMakeFiles/cmTC_90dfe.dir/CheckFunctionExists.c.o   -c /usr/share/cmake-3.5/Modules/CheckFunctionExists.c
Linking C executable cmTC_90dfe
/usr/bin/cmake -E cmake_link_script CMakeFiles/cmTC_90dfe.dir/link.txt --verbose=1
/usr/bin/cc   -DCHECK_FUNCTION_EXISTS=fseeko    CMakeFiles/cmTC_90dfe.dir/CheckFunctionExists.c.o  -o cmTC_90dfe -rdynamic 
make[1]: Leaving directory '/home/bartosz/cpp_personal/snek_cpp/linuxBuilds/CMakeFiles/CMakeTmp'


Determining if the include file unistd.h exists passed with the following output:
Change Dir: /home/bartosz/cpp_personal/snek_cpp/linuxBuilds/CMakeFiles/CMakeTmp

Run Build Command:"/usr/bin/make" "cmTC_1c11b/fast"
/usr/bin/make -f CMakeFiles/cmTC_1c11b.dir/build.make CMakeFiles/cmTC_1c11b.dir/build
make[1]: Entering directory '/home/bartosz/cpp_personal/snek_cpp/linuxBuilds/CMakeFiles/CMakeTmp'
Building C object CMakeFiles/cmTC_1c11b.dir/CheckIncludeFile.c.o
/usr/bin/cc     -o CMakeFiles/cmTC_1c11b.dir/CheckIncludeFile.c.o   -c /home/bartosz/cpp_personal/snek_cpp/linuxBuilds/CMakeFiles/CMakeTmp/CheckIncludeFile.c
Linking C executable cmTC_1c11b
/usr/bin/cmake -E cmake_link_script CMakeFiles/cmTC_1c11b.dir/link.txt --verbose=1
/usr/bin/cc       CMakeFiles/cmTC_1c11b.dir/CheckIncludeFile.c.o  -o cmTC_1c11b -rdynamic 
make[1]: Leaving directory '/home/bartosz/cpp_personal/snek_cpp/linuxBuilds/CMakeFiles/CMakeTmp'


